<?xml version="1.0" encoding="UTF-8"?>
<!-- Generated by org.testng.reporters.JUnitXMLReporter -->
<testsuite ignored="1" hostname="DESKTOP-F99M64D" failures="0" tests="1" name="Default test" time="35.345" errors="0" timestamp="2026-05-16T08:41:47 IST">
  <testcase classname="testScripts.tests_script1" name="add_gift_card_script" time="24.657"/>
  <testcase classname="testScripts.tests_script1" name="test_profile" time="0.0">
    <ignored/>
  </testcase> <!-- test_profile -->
</testsuite> <!-- Default test -->
