<?xml version="1.0" encoding="UTF-8"?>
<testng-results ignored="0" total="1" passed="1" failed="0" skipped="0">
  <reporter-output>
  </reporter-output>
  <suite started-at="2026-05-14T11:58:57 IST" name="Default suite" finished-at="2026-05-14T11:59:07 IST" duration-ms="10581">
    <groups>
    </groups>
    <test started-at="2026-05-14T11:58:57 IST" name="Default test" finished-at="2026-05-14T11:59:07 IST" duration-ms="10581">
      <class name="testScripts.tests_case5205">
        <test-method is-config="true" signature="preCondition()[pri:0, instance:testScripts.tests_case5205@c730b35]" started-at="2026-05-14T11:58:57 IST" name="preCondition" finished-at="2026-05-14T11:59:03 IST" duration-ms="6598" status="PASS">
          <reporter-output>
          </reporter-output>
        </test-method> <!-- preCondition -->
        <test-method is-config="true" signature="login()[pri:0, instance:testScripts.tests_case5205@c730b35]" started-at="2026-05-14T11:59:03 IST" name="login" finished-at="2026-05-14T11:59:06 IST" duration-ms="2216" status="PASS">
          <reporter-output>
          </reporter-output>
        </test-method> <!-- login -->
        <test-method signature="testScript0101()[pri:0, instance:testScripts.tests_case5205@c730b35]" started-at="2026-05-14T11:59:06 IST" name="testScript0101" finished-at="2026-05-14T11:59:06 IST" duration-ms="284" status="PASS">
          <reporter-output>
          </reporter-output>
        </test-method> <!-- testScript0101 -->
        <test-method is-config="true" signature="logout()[pri:0, instance:testScripts.tests_case5205@c730b35]" started-at="2026-05-14T11:59:06 IST" name="logout" finished-at="2026-05-14T11:59:07 IST" duration-ms="1130" status="PASS">
          <reporter-output>
          </reporter-output>
        </test-method> <!-- logout -->
        <test-method is-config="true" signature="postCondition()[pri:0, instance:testScripts.tests_case5205@c730b35]" started-at="2026-05-14T11:59:07 IST" name="postCondition" finished-at="2026-05-14T11:59:07 IST" duration-ms="214" status="PASS">
          <reporter-output>
          </reporter-output>
        </test-method> <!-- postCondition -->
      </class> <!-- testScripts.tests_case5205 -->
    </test> <!-- Default test -->
  </suite> <!-- Default suite -->
</testng-results>
