<?xml version="1.0" encoding="UTF-8"?>
<testng-results ignored="1" total="2" passed="1" failed="0" skipped="0">
  <reporter-output>
  </reporter-output>
  <suite started-at="2026-05-16T08:41:12 IST" name="Default suite" finished-at="2026-05-16T08:41:47 IST" duration-ms="35345">
    <groups>
    </groups>
    <test started-at="2026-05-16T08:41:12 IST" name="Default test" finished-at="2026-05-16T08:41:47 IST" duration-ms="35345">
      <class name="testScripts.tests_script1">
        <test-method is-config="true" signature="preCondition()[pri:0, instance:testScripts.tests_script1@206a70ef]" started-at="2026-05-16T08:41:12 IST" name="preCondition" finished-at="2026-05-16T08:41:16 IST" duration-ms="4107" status="PASS">
          <reporter-output>
          </reporter-output>
        </test-method> <!-- preCondition -->
        <test-method is-config="true" signature="login()[pri:0, instance:testScripts.tests_script1@206a70ef]" started-at="2026-05-16T08:41:16 IST" name="login" finished-at="2026-05-16T08:41:21 IST" duration-ms="4576" status="PASS">
          <reporter-output>
          </reporter-output>
        </test-method> <!-- login -->
        <test-method signature="add_gift_card_script()[pri:0, instance:testScripts.tests_script1@206a70ef]" started-at="2026-05-16T08:41:21 IST" name="add_gift_card_script" finished-at="2026-05-16T08:41:45 IST" duration-ms="24657" status="PASS">
          <reporter-output>
          </reporter-output>
        </test-method> <!-- add_gift_card_script -->
        <test-method is-config="true" signature="logout()[pri:0, instance:testScripts.tests_script1@206a70ef]" started-at="2026-05-16T08:41:45 IST" name="logout" finished-at="2026-05-16T08:41:47 IST" duration-ms="1534" status="PASS">
          <reporter-output>
          </reporter-output>
        </test-method> <!-- logout -->
        <test-method is-config="true" signature="postCondition()[pri:0, instance:testScripts.tests_script1@206a70ef]" started-at="2026-05-16T08:41:47 IST" name="postCondition" finished-at="2026-05-16T08:41:47 IST" duration-ms="343" status="PASS">
          <reporter-output>
          </reporter-output>
        </test-method> <!-- postCondition -->
      </class> <!-- testScripts.tests_script1 -->
    </test> <!-- Default test -->
  </suite> <!-- Default suite -->
</testng-results>
