<?xml version="1.0" encoding="UTF-8"?>
<!-- Generated by org.testng.reporters.JUnitReportReporter -->
<testsuite hostname="DESKTOP-F99M64D" failures="0" tests="3" name="Anotations.CricketTeams" time="53.883" errors="0" timestamp="2026-05-12T23:21:24 IST" skipped="0">
  <testcase classname="Anotations.CricketTeams" name="Rcb" time="15.614"/>
  <testcase classname="Anotations.CricketTeams" name="ZSK_Team" time="21.950"/>
  <testcase classname="Anotations.CricketTeams" name="Mi_Team" time="16.319"/>
</testsuite> <!-- Anotations.CricketTeams -->
