<?xml version="1.0" encoding="UTF-8"?>
<!-- Generated by org.testng.reporters.JUnitReportReporter -->
<testsuite hostname="DESKTOP-F99M64D" failures="0" tests="2" name="testScripts.tests_script1" time="30.767" errors="0" timestamp="2026-05-16T08:41:47 IST" skipped="1">
  <testcase classname="testScripts.tests_script1" name="add_gift_card_script" time="30.767"/>
  <testcase classname="testScripts.tests_script1" name="test_profile">
    <skipped/>
  </testcase> <!-- test_profile -->
</testsuite> <!-- testScripts.tests_script1 -->
