<?xml version="1.0" encoding="UTF-8"?>
<!-- Generated by org.testng.reporters.JUnitReportReporter -->
<testsuite hostname="DESKTOP-F99M64D" failures="0" tests="3" name="enable_script.enable_anotation_eg" time="49.930" errors="0" timestamp="2026-05-14T09:55:38 IST" skipped="0">
  <testcase classname="enable_script.enable_anotation_eg" name="Rcb" time="16.528"/>
  <testcase classname="enable_script.enable_anotation_eg" name="ZSK_Team" time="20.232"/>
  <testcase classname="enable_script.enable_anotation_eg" name="Mi_Team" time="13.170"/>
</testsuite> <!-- enable_script.enable_anotation_eg -->
