<?xml version="1.0" encoding="UTF-8"?>
<!-- Generated by org.testng.reporters.JUnitReportReporter -->
<testsuite hostname="DESKTOP-F99M64D" failures="0" tests="3" name="HelperMethods.prioirty" time="67.553" errors="0" timestamp="2026-05-13T09:52:21 IST" skipped="0">
  <testcase classname="HelperMethods.prioirty" name="CSK_Team" time="34.524"/>
  <testcase classname="HelperMethods.prioirty" name="mi" time="13.655"/>
  <testcase classname="HelperMethods.prioirty" name="Rcb" time="19.374"/>
</testsuite> <!-- HelperMethods.prioirty -->
