<?xml version="1.0" encoding="UTF-8"?>
<!-- Generated by org.testng.reporters.JUnitReportReporter -->
<testsuite hostname="DESKTOP-F99M64D" failures="0" tests="3" name="Anotations.case1" time="0.020" errors="0" timestamp="2026-05-13T08:21:18 IST" skipped="0">
  <testcase classname="Anotations.case1" name="filpkart" time="0.002"/>
  <testcase classname="Anotations.case1" name="Amezon" time="0.013"/>
  <testcase classname="Anotations.case1" name="Login" time="0.005"/>
</testsuite> <!-- Anotations.case1 -->
